<?xml version="1.0" encoding="UTF-8"?>
<!-- Generated by org.testng.reporters.JUnitXMLReporter -->
<testsuite hostname="U2IWIN10PLP" name="JUnitTests" tests="3" failures="0" timestamp="3 May 2019 08:34:33 GMT" time="0.008" errors="0">
  <testcase name="testApp on testApp(com.test.AppTest)" time="0.0" classname="com.test.AppTest"/>
  <testcase name="testApp2 on testApp2(com.test.AppTest)" time="0.0" classname="com.test.AppTest"/>
  <testcase name="testApp3 on testApp3(com.test.AppTest)" time="0.0" classname="com.test.AppTest"/>
</testsuite> <!-- JUnitTests -->
