<?xml version="1.0" encoding="UTF-8"?>
<!-- Generated by org.testng.reporters.JUnitReportReporter -->
<testsuite hostname="U2IWIN10PLP" name="com.test.DataDrivenCSVReadRegistrationTest" tests="2" failures="0" timestamp="25 Jun 2019 07:20:07 GMT" time="197.450" errors="0">
  <testcase name="onlyName" time="88.307" classname="com.test.DataDrivenCSVReadRegistrationTest"/>
  <testcase name="onlyName" time="109.143" classname="com.test.DataDrivenCSVReadRegistrationTest"/>
</testsuite> <!-- com.test.DataDrivenCSVReadRegistrationTest -->
