<?xml version="1.0" encoding="UTF-8"?>
<!-- Generated by org.testng.reporters.JUnitReportReporter -->
<testsuite hostname="U2IWIN10PLP" name="com.test.WebDriverListenerTest2" tests="1" failures="0" timestamp="25 Jun 2019 09:56:05 GMT" time="16.085" errors="0">
  <testcase name="testRegistrationNONDataDriven" time="16.085" classname="com.test.WebDriverListenerTest2"/>
</testsuite> <!-- com.test.WebDriverListenerTest2 -->
