<?xml version="1.0" encoding="UTF-8"?>
<!-- Generated by org.testng.reporters.JUnitReportReporter -->
<testsuite hostname="U2IWIN10PLP" name="com.test.PriorityTest" tests="5" failures="0" timestamp="28 Jun 2019 11:13:36 GMT" time="10.016" errors="0">
  <testcase name="test1" time="2.002" classname="com.test.PriorityTest"/>
  <testcase name="test3" time="2.001" classname="com.test.PriorityTest"/>
  <testcase name="test4" time="2.010" classname="com.test.PriorityTest"/>
  <testcase name="test0" time="2.001" classname="com.test.PriorityTest"/>
  <testcase name="test2" time="2.002" classname="com.test.PriorityTest"/>
</testsuite> <!-- com.test.PriorityTest -->
