<?xml version="1.0" encoding="UTF-8"?>
<!-- Generated by org.testng.reporters.JUnitReportReporter -->
<testsuite hostname="U2IWIN10PLP" name="com.test.AppTest" tests="3" failures="0" timestamp="3 May 2019 08:34:33 GMT" time="0.000" errors="0">
  <testcase name="testApp" time="0.000" classname="com.test.AppTest"/>
  <testcase name="testApp2" time="0.000" classname="com.test.AppTest"/>
  <testcase name="testApp3" time="0.000" classname="com.test.AppTest"/>
</testsuite> <!-- com.test.AppTest -->
