<?xml version="1.0" encoding="UTF-8"?>
<!-- Generated by org.testng.reporters.JUnitReportReporter -->
<testsuite hostname="U2IWIN10PLP" name="com.test.WebDriverListenerTest" tests="3" failures="0" timestamp="25 Jun 2019 09:28:32 GMT" time="43.961" errors="0">
  <testcase name="testRegistrationNew" time="15.576" classname="com.test.WebDriverListenerTest"/>
  <testcase name="testRegistrationNew" time="16.494" classname="com.test.WebDriverListenerTest"/>
  <testcase name="testRegistrationNONDataDriven" time="11.891" classname="com.test.WebDriverListenerTest"/>
</testsuite> <!-- com.test.WebDriverListenerTest -->
