<?xml version="1.0" encoding="UTF-8"?>
<!-- Generated by org.testng.reporters.JUnitReportReporter -->
<testsuite hostname="U2IWIN10PLP" name="com.test.OneTest" tests="2" failures="0" timestamp="21 Jun 2019 09:30:28 GMT" time="0.001" errors="2">
  <testcase name="testRegistrationNew" time="0.000" classname="com.test.OneTest">
    <error type="java.lang.Throwable" message="Method OneTest.testRegistrationNew(java.lang.String, java.lang.String, java.lang.String, java.lang.String, java.lang.String, java.lang.String, java.lang.String, java.lang.String)[pri:0, instance:com.test.OneTest@61832929] depends on not successfully finished methods">
      <![CDATA[java.lang.Throwable: Method OneTest.testRegistrationNew(java.lang.String, java.lang.String, java.lang.String, java.lang.String, java.lang.String, java.lang.String, java.lang.String, java.lang.String)[pri:0, instance:com.test.OneTest@61832929] depends on not successfully finished methods
	at org.testng.internal.Invoker.invokeTestMethods(Invoker.java:1037)
	at org.testng.internal.TestMethodWorker.invokeTestMethods(TestMethodWorker.java:129)
	at org.testng.internal.TestMethodWorker.run(TestMethodWorker.java:112)
	at org.testng.TestRunner.privateRun(TestRunner.java:782)
	at org.testng.TestRunner.run(TestRunner.java:632)
	at org.testng.SuiteRunner.runTest(SuiteRunner.java:366)
	at org.testng.SuiteRunner.runSequentially(SuiteRunner.java:361)
	at org.testng.SuiteRunner.privateRun(SuiteRunner.java:319)
	at org.testng.SuiteRunner.run(SuiteRunner.java:268)
	at org.testng.SuiteRunnerWorker.runSuite(SuiteRunnerWorker.java:52)
	at org.testng.SuiteRunnerWorker.run(SuiteRunnerWorker.java:86)
	at org.testng.TestNG.runSuitesSequentially(TestNG.java:1244)
	at org.testng.TestNG.runSuitesLocally(TestNG.java:1169)
	at org.testng.TestNG.run(TestNG.java:1064)
	at org.testng.remote.AbstractRemoteTestNG.run(AbstractRemoteTestNG.java:132)
	at org.testng.remote.RemoteTestNG.initAndRun(RemoteTestNG.java:236)
	at org.testng.remote.RemoteTestNG.main(RemoteTestNG.java:81)
]]>
    </error>
  </testcase> <!-- testRegistrationNew -->
  <testcase name="testRegistrationNONDataDriven" time="0.001" classname="com.test.OneTest">
    <error type="org.openqa.selenium.WebDriverException" message="Failed to connect to binary FirefoxBinary(C:\Program Files\Mozilla Firefox\firefox.exe) on port 7055; process output follows: 
vider
1561109386623	addons.manager	DEBUG	Provider finished startup: PluginProvider
1561109386623	addons.manager	DEBUG	Completed startup sequence
Unable to read VR Path Registry from C:\Users\U2I\AppData\Local\openvr\openvrpaths.vrpath
1561109388647	addons.xpi-utils	DEBUG	XPI Database saved, setting schema version preference to 25
Unable to read VR Path Registry from C:\Users\U2I\AppData\Local\openvr\openvrpaths.vrpath
Unable to read VR Path Registry from C:\Users\U2I\AppData\Local\openvr\openvrpaths.vrpath
Unable to read VR Path Registry from C:\Users\U2I\AppData\Local\openvr\openvrpaths.vrpath
1561109389915	addons.repository	DEBUG	No addons.json found.
1561109389932	addons.manager	DEBUG	Starting provider: PreviousExperimentProvider
1561109389932	addons.manager	DEBUG	Registering shutdown blocker for PreviousExperimentProvider
1561109389932	addons.manager	DEBUG	Provider finished startup: PreviousExperimentProvider
Unable to read VR Path Registry from C:\Users\U2I\AppData\Local\openvr\openvrpaths.vrpath
1561109393173	addons.xpi	INFO	Mapping fxdriver@googlecode.com to C:\Users\U2I\AppData\Local\Temp\anonymous1151648210130222885webdriver-profile\extensions\fxdriver@googlecode.com
1561109393173	addons.xpi	DEBUG	Ignoring file entry whose name is not a valid add-on ID: C:\Users\U2I\AppData\Local\Temp\anonymous1151648210130222885webdriver-profile\extensions\webdriver-staging
1561109393173	addons.xpi	DEBUG	Existing add-on fxdriver@googlecode.com in app-profile
1561109393173	addons.xpi	INFO	Mapping activity-stream@mozilla.org to C:\Program Files\Mozilla Firefox\browser\features\activity-stream@mozilla.org.xpi
1561109393173	addons.xpi	INFO	Mapping aushelper@mozilla.org to C:\Program Files\Mozilla Firefox\browser\features\aushelper@mozilla.org.xpi
1561109393174	addons.xpi	INFO	Mapping firefox@getpocket.com to C:\Program Files\Mozilla Firefox\browser\features\firefox@getpocket.com.xpi
1561109393174	addons.xpi	INFO	Mapping followonsearch@mozilla.com to C:\Program Files\Mozilla Firefox\browser\features\followonsearch@mozilla.com.xpi
1561109393174	addons.xpi	INFO	Mapping formautofill@mozilla.org to C:\Program Files\Mozilla Firefox\browser\features\formautofill@mozilla.org.xpi
1561109393174	addons.xpi	INFO	Mapping jaws-esr@mozilla.org to C:\Program Files\Mozilla Firefox\browser\features\jaws-esr@mozilla.org.xpi
1561109393174	addons.xpi	INFO	Mapping onboarding@mozilla.org to C:\Program Files\Mozilla Firefox\browser\features\onboarding@mozilla.org.xpi
1561109393174	addons.xpi	INFO	Mapping screenshots@mozilla.org to C:\Program Files\Mozilla Firefox\browser\features\screenshots@mozilla.org.xpi
1561109393174	addons.xpi	INFO	Mapping webcompat@mozilla.org to C:\Program Files\Mozilla Firefox\browser\features\webcompat@mozilla.org.xpi
1561109393174	addons.xpi	DEBUG	Existing add-on activity-stream@mozilla.org in app-system-defaults
1561109393174	addons.xpi	DEBUG	Existing add-on aushelper@mozilla.org in app-system-defaults
1561109393175	addons.xpi	DEBUG	Existing add-on firefox@getpocket.com in app-system-defaults
1561109393175	addons.xpi	DEBUG	Existing add-on followonsearch@mozilla.com in app-system-defaults
1561109393175	addons.xpi	DEBUG	Existing add-on formautofill@mozilla.org in app-system-defaults
1561109393176	addons.xpi	DEBUG	Existing add-on jaws-esr@mozilla.org in app-system-defaults
1561109393176	addons.xpi	DEBUG	Existing add-on onboarding@mozilla.org in app-system-defaults
1561109393176	addons.xpi	DEBUG	Existing add-on screenshots@mozilla.org in app-system-defaults
1561109393176	addons.xpi	DEBUG	Existing add-on webcompat@mozilla.org in app-system-defaults
1561109393177	addons.xpi	INFO	Mapping {972ce4c6-7e08-4474-a285-3208198ce6fd} to C:\Program Files\Mozilla Firefox\browser\extensions\{972ce4c6-7e08-4474-a285-3208198ce6fd}.xpi
1561109393177	addons.xpi	DEBUG	Existing add-on {972ce4c6-7e08-4474-a285-3208198ce6fd} in app-global
1561109393177	addons.xpi	DEBUG	Existing add-on com.trendmicro.tmopfirefox.ext@trendop in winreg-app-global
1561109393178	addons.xpi	DEBUG	getInstallState changed: false, state: {}

Build info: version: &#039;2.53.1&#039;, revision: &#039;a36b8b1cd5757287168e54b817830adce9b0158d&#039;, time: &#039;2016-06-30 19:26:09&#039;
System info: host: &#039;U2IWIN10PLP&#039;, ip: &#039;10.0.75.1&#039;, os.name: &#039;Windows 10&#039;, os.arch: &#039;amd64&#039;, os.version: &#039;10.0&#039;, java.version: &#039;1.8.0_112&#039;
Driver info: driver.version: FirefoxDriver">
      <![CDATA[org.openqa.selenium.WebDriverException: Failed to connect to binary FirefoxBinary(C:\Program Files\Mozilla Firefox\firefox.exe) on port 7055; process output follows: 
vider
1561109386623	addons.manager	DEBUG	Provider finished startup: PluginProvider
1561109386623	addons.manager	DEBUG	Completed startup sequence
Unable to read VR Path Registry from C:\Users\U2I\AppData\Local\openvr\openvrpaths.vrpath
1561109388647	addons.xpi-utils	DEBUG	XPI Database saved, setting schema version preference to 25
Unable to read VR Path Registry from C:\Users\U2I\AppData\Local\openvr\openvrpaths.vrpath
Unable to read VR Path Registry from C:\Users\U2I\AppData\Local\openvr\openvrpaths.vrpath
Unable to read VR Path Registry from C:\Users\U2I\AppData\Local\openvr\openvrpaths.vrpath
1561109389915	addons.repository	DEBUG	No addons.json found.
1561109389932	addons.manager	DEBUG	Starting provider: PreviousExperimentProvider
1561109389932	addons.manager	DEBUG	Registering shutdown blocker for PreviousExperimentProvider
1561109389932	addons.manager	DEBUG	Provider finished startup: PreviousExperimentProvider
Unable to read VR Path Registry from C:\Users\U2I\AppData\Local\openvr\openvrpaths.vrpath
1561109393173	addons.xpi	INFO	Mapping fxdriver@googlecode.com to C:\Users\U2I\AppData\Local\Temp\anonymous1151648210130222885webdriver-profile\extensions\fxdriver@googlecode.com
1561109393173	addons.xpi	DEBUG	Ignoring file entry whose name is not a valid add-on ID: C:\Users\U2I\AppData\Local\Temp\anonymous1151648210130222885webdriver-profile\extensions\webdriver-staging
1561109393173	addons.xpi	DEBUG	Existing add-on fxdriver@googlecode.com in app-profile
1561109393173	addons.xpi	INFO	Mapping activity-stream@mozilla.org to C:\Program Files\Mozilla Firefox\browser\features\activity-stream@mozilla.org.xpi
1561109393173	addons.xpi	INFO	Mapping aushelper@mozilla.org to C:\Program Files\Mozilla Firefox\browser\features\aushelper@mozilla.org.xpi
1561109393174	addons.xpi	INFO	Mapping firefox@getpocket.com to C:\Program Files\Mozilla Firefox\browser\features\firefox@getpocket.com.xpi
1561109393174	addons.xpi	INFO	Mapping followonsearch@mozilla.com to C:\Program Files\Mozilla Firefox\browser\features\followonsearch@mozilla.com.xpi
1561109393174	addons.xpi	INFO	Mapping formautofill@mozilla.org to C:\Program Files\Mozilla Firefox\browser\features\formautofill@mozilla.org.xpi
1561109393174	addons.xpi	INFO	Mapping jaws-esr@mozilla.org to C:\Program Files\Mozilla Firefox\browser\features\jaws-esr@mozilla.org.xpi
1561109393174	addons.xpi	INFO	Mapping onboarding@mozilla.org to C:\Program Files\Mozilla Firefox\browser\features\onboarding@mozilla.org.xpi
1561109393174	addons.xpi	INFO	Mapping screenshots@mozilla.org to C:\Program Files\Mozilla Firefox\browser\features\screenshots@mozilla.org.xpi
1561109393174	addons.xpi	INFO	Mapping webcompat@mozilla.org to C:\Program Files\Mozilla Firefox\browser\features\webcompat@mozilla.org.xpi
1561109393174	addons.xpi	DEBUG	Existing add-on activity-stream@mozilla.org in app-system-defaults
1561109393174	addons.xpi	DEBUG	Existing add-on aushelper@mozilla.org in app-system-defaults
1561109393175	addons.xpi	DEBUG	Existing add-on firefox@getpocket.com in app-system-defaults
1561109393175	addons.xpi	DEBUG	Existing add-on followonsearch@mozilla.com in app-system-defaults
1561109393175	addons.xpi	DEBUG	Existing add-on formautofill@mozilla.org in app-system-defaults
1561109393176	addons.xpi	DEBUG	Existing add-on jaws-esr@mozilla.org in app-system-defaults
1561109393176	addons.xpi	DEBUG	Existing add-on onboarding@mozilla.org in app-system-defaults
1561109393176	addons.xpi	DEBUG	Existing add-on screenshots@mozilla.org in app-system-defaults
1561109393176	addons.xpi	DEBUG	Existing add-on webcompat@mozilla.org in app-system-defaults
1561109393177	addons.xpi	INFO	Mapping {972ce4c6-7e08-4474-a285-3208198ce6fd} to C:\Program Files\Mozilla Firefox\browser\extensions\{972ce4c6-7e08-4474-a285-3208198ce6fd}.xpi
1561109393177	addons.xpi	DEBUG	Existing add-on {972ce4c6-7e08-4474-a285-3208198ce6fd} in app-global
1561109393177	addons.xpi	DEBUG	Existing add-on com.trendmicro.tmopfirefox.ext@trendop in winreg-app-global
1561109393178	addons.xpi	DEBUG	getInstallState changed: false, state: {}

Build info: version: '2.53.1', revision: 'a36b8b1cd5757287168e54b817830adce9b0158d', time: '2016-06-30 19:26:09'
System info: host: 'U2IWIN10PLP', ip: '10.0.75.1', os.name: 'Windows 10', os.arch: 'amd64', os.version: '10.0', java.version: '1.8.0_112'
Driver info: driver.version: FirefoxDriver
	at org.openqa.selenium.firefox.internal.NewProfileExtensionConnection.start(NewProfileExtensionConnection.java:125)
	at org.openqa.selenium.firefox.FirefoxDriver.startClient(FirefoxDriver.java:271)
	at org.openqa.selenium.remote.RemoteWebDriver.<init>(RemoteWebDriver.java:119)
	at org.openqa.selenium.firefox.FirefoxDriver.<init>(FirefoxDriver.java:216)
	at org.openqa.selenium.firefox.FirefoxDriver.<init>(FirefoxDriver.java:211)
	at org.openqa.selenium.firefox.FirefoxDriver.<init>(FirefoxDriver.java:207)
	at org.openqa.selenium.firefox.FirefoxDriver.<init>(FirefoxDriver.java:120)
	at com.test.BaseRepeat.LaunchBrowser(BaseRepeat.java:41)
	at sun.reflect.NativeMethodAccessorImpl.invoke0(Native Method)
	at sun.reflect.NativeMethodAccessorImpl.invoke(NativeMethodAccessorImpl.java:62)
	at sun.reflect.DelegatingMethodAccessorImpl.invoke(DelegatingMethodAccessorImpl.java:43)
	at java.lang.reflect.Method.invoke(Method.java:498)
	at org.testng.internal.MethodInvocationHelper.invokeMethod(MethodInvocationHelper.java:86)
	at org.testng.internal.Invoker.invokeConfigurationMethod(Invoker.java:514)
	at org.testng.internal.Invoker.invokeConfigurations(Invoker.java:215)
	at org.testng.internal.Invoker.invokeMethod(Invoker.java:589)
	at org.testng.internal.Invoker.invokeTestMethod(Invoker.java:820)
	at org.testng.internal.Invoker.invokeTestMethods(Invoker.java:1128)
	at org.testng.internal.TestMethodWorker.invokeTestMethods(TestMethodWorker.java:129)
	at org.testng.internal.TestMethodWorker.run(TestMethodWorker.java:112)
	at org.testng.TestRunner.privateRun(TestRunner.java:782)
	at org.testng.TestRunner.run(TestRunner.java:632)
	at org.testng.SuiteRunner.runTest(SuiteRunner.java:366)
	at org.testng.SuiteRunner.runSequentially(SuiteRunner.java:361)
	at org.testng.SuiteRunner.privateRun(SuiteRunner.java:319)
	at org.testng.SuiteRunner.run(SuiteRunner.java:268)
	at org.testng.SuiteRunnerWorker.runSuite(SuiteRunnerWorker.java:52)
	at org.testng.SuiteRunnerWorker.run(SuiteRunnerWorker.java:86)
	at org.testng.TestNG.runSuitesSequentially(TestNG.java:1244)
	at org.testng.TestNG.runSuitesLocally(TestNG.java:1169)
	at org.testng.TestNG.run(TestNG.java:1064)
	at org.testng.remote.AbstractRemoteTestNG.run(AbstractRemoteTestNG.java:132)
	at org.testng.remote.RemoteTestNG.initAndRun(RemoteTestNG.java:236)
	at org.testng.remote.RemoteTestNG.main(RemoteTestNG.java:81)
Caused by: org.openqa.selenium.firefox.NotConnectedException: Unable to connect to host 127.0.0.1 on port 7055 after 45000 ms. Firefox console output:
vider
1561109386623	addons.manager	DEBUG	Provider finished startup: PluginProvider
1561109386623	addons.manager	DEBUG	Completed startup sequence
Unable to read VR Path Registry from C:\Users\U2I\AppData\Local\openvr\openvrpaths.vrpath
1561109388647	addons.xpi-utils	DEBUG	XPI Database saved, setting schema version preference to 25
Unable to read VR Path Registry from C:\Users\U2I\AppData\Local\openvr\openvrpaths.vrpath
Unable to read VR Path Registry from C:\Users\U2I\AppData\Local\openvr\openvrpaths.vrpath
Unable to read VR Path Registry from C:\Users\U2I\AppData\Local\openvr\openvrpaths.vrpath
1561109389915	addons.repository	DEBUG	No addons.json found.
1561109389932	addons.manager	DEBUG	Starting provider: PreviousExperimentProvider
1561109389932	addons.manager	DEBUG	Registering shutdown blocker for PreviousExperimentProvider
1561109389932	addons.manager	DEBUG	Provider finished startup: PreviousExperimentProvider
Unable to read VR Path Registry from C:\Users\U2I\AppData\Local\openvr\openvrpaths.vrpath
1561109393173	addons.xpi	INFO	Mapping fxdriver@googlecode.com to C:\Users\U2I\AppData\Local\Temp\anonymous1151648210130222885webdriver-profile\extensions\fxdriver@googlecode.com
1561109393173	addons.xpi	DEBUG	Ignoring file entry whose name is not a valid add-on ID: C:\Users\U2I\AppData\Local\Temp\anonymous1151648210130222885webdriver-profile\extensions\webdriver-staging
1561109393173	addons.xpi	DEBUG	Existing add-on fxdriver@googlecode.com in app-profile
1561109393173	addons.xpi	INFO	Mapping activity-stream@mozilla.org to C:\Program Files\Mozilla Firefox\browser\features\activity-stream@mozilla.org.xpi
1561109393173	addons.xpi	INFO	Mapping aushelper@mozilla.org to C:\Program Files\Mozilla Firefox\browser\features\aushelper@mozilla.org.xpi
1561109393174	addons.xpi	INFO	Mapping firefox@getpocket.com to C:\Program Files\Mozilla Firefox\browser\features\firefox@getpocket.com.xpi
1561109393174	addons.xpi	INFO	Mapping followonsearch@mozilla.com to C:\Program Files\Mozilla Firefox\browser\features\followonsearch@mozilla.com.xpi
1561109393174	addons.xpi	INFO	Mapping formautofill@mozilla.org to C:\Program Files\Mozilla Firefox\browser\features\formautofill@mozilla.org.xpi
1561109393174	addons.xpi	INFO	Mapping jaws-esr@mozilla.org to C:\Program Files\Mozilla Firefox\browser\features\jaws-esr@mozilla.org.xpi
1561109393174	addons.xpi	INFO	Mapping onboarding@mozilla.org to C:\Program Files\Mozilla Firefox\browser\features\onboarding@mozilla.org.xpi
1561109393174	addons.xpi	INFO	Mapping screenshots@mozilla.org to C:\Program Files\Mozilla Firefox\browser\features\screenshots@mozilla.org.xpi
1561109393174	addons.xpi	INFO	Mapping webcompat@mozilla.org to C:\Program Files\Mozilla Firefox\browser\features\webcompat@mozilla.org.xpi
1561109393174	addons.xpi	DEBUG	Existing add-on activity-stream@mozilla.org in app-system-defaults
1561109393174	addons.xpi	DEBUG	Existing add-on aushelper@mozilla.org in app-system-defaults
1561109393175	addons.xpi	DEBUG	Existing add-on firefox@getpocket.com in app-system-defaults
1561109393175	addons.xpi	DEBUG	Existing add-on followonsearch@mozilla.com in app-system-defaults
1561109393175	addons.xpi	DEBUG	Existing add-on formautofill@mozilla.org in app-system-defaults
1561109393176	addons.xpi	DEBUG	Existing add-on jaws-esr@mozilla.org in app-system-defaults
1561109393176	addons.xpi	DEBUG	Existing add-on onboarding@mozilla.org in app-system-defaults
1561109393176	addons.xpi	DEBUG	Existing add-on screenshots@mozilla.org in app-system-defaults
1561109393176	addons.xpi	DEBUG	Existing add-on webcompat@mozilla.org in app-system-defaults
1561109393177	addons.xpi	INFO	Mapping {972ce4c6-7e08-4474-a285-3208198ce6fd} to C:\Program Files\Mozilla Firefox\browser\extensions\{972ce4c6-7e08-4474-a285-3208198ce6fd}.xpi
1561109393177	addons.xpi	DEBUG	Existing add-on {972ce4c6-7e08-4474-a285-3208198ce6fd} in app-global
1561109393177	addons.xpi	DEBUG	Existing add-on com.trendmicro.tmopfirefox.ext@trendop in winreg-app-global
1561109393178	addons.xpi	DEBUG	getInstallState changed: false, state: {}

	at org.openqa.selenium.firefox.internal.NewProfileExtensionConnection.start(NewProfileExtensionConnection.java:113)
	... 33 more
]]>
    </error>
  </testcase> <!-- testRegistrationNONDataDriven -->
</testsuite> <!-- com.test.OneTest -->
